<?xml version="1.0" encoding="UTF-8" ?>
<testsuite errors="0" failures="0" hostname="GERGERICH" name="ValidatorTest" skipped="0" tests="21" time="0.089" timestamp="2025-04-01T19:33:52">
  <properties>
[...]
</properties>
  <testcase classname="ValidatorTest" name="testValidateForm[0]" time="0.017" />
  <testcase classname="ValidatorTest" name="testValidateForm[1]" time="0.0" />
  <testcase classname="ValidatorTest" name="testValidateForm[2]" time="0.0" />
  <testcase classname="ValidatorTest" name="testValidateForm[3]" time="0.0" />
  <testcase classname="ValidatorTest" name="testValidateForm[4]" time="0.001" />
  <testcase classname="ValidatorTest" name="testValidateForm[5]" time="0.0" />
  <testcase classname="ValidatorTest" name="testValidateForm[6]" time="0.0" />
  <testcase classname="ValidatorTest" name="testValidateForm[7]" time="0.0" />
  <testcase classname="ValidatorTest" name="testValidateForm[8]" time="0.0" />
  <testcase classname="ValidatorTest" name="testValidateForm[9]" time="0.0" />
  <testcase classname="ValidatorTest" name="testValidateForm[10]" time="0.0" />
  <testcase classname="ValidatorTest" name="testValidateForm[11]" time="0.0" />
  <testcase classname="ValidatorTest" name="testValidateForm[12]" time="0.0" />
  <testcase classname="ValidatorTest" name="testValidateForm[13]" time="0.0" />
  <testcase classname="ValidatorTest" name="testValidateForm[14]" time="0.001" />
  <testcase classname="ValidatorTest" name="testValidateForm[15]" time="0.0" />
  <testcase classname="ValidatorTest" name="testValidateForm[16]" time="0.0" />
  <testcase classname="ValidatorTest" name="testValidateForm[17]" time="0.002" />
  <testcase classname="ValidatorTest" name="testValidateForm[18]" time="0.0" />
  <testcase classname="ValidatorTest" name="testValidateForm[19]" time="0.0" />
  <testcase classname="ValidatorTest" name="testValidateForm[20]" time="0.0" />
  <system-out><![CDATA[]]></system-out>
  <system-err><![CDATA[]]></system-err>
</testsuite>
