<?xml version="1.0" encoding="UTF-8"?>
<testsuite xmlns:xsi="http://www.w3.org/2001/XMLSchema-instance" xsi:noNamespaceSchemaLocation="https://maven.apache.org/surefire/maven-surefire-plugin/xsd/surefire-test-report-3.0.xsd" version="3.0" name="ValidatorTest" time="0.001" tests="21" errors="0" skipped="0" failures="0">
  <properties>
[...]
</properties>
  <testcase name="testValidateForm[0]" classname="ValidatorTest" time="0.0"/>
  <testcase name="testValidateForm[1]" classname="ValidatorTest" time="0.0"/>
  <testcase name="testValidateForm[2]" classname="ValidatorTest" time="0.0"/>
  <testcase name="testValidateForm[3]" classname="ValidatorTest" time="0.0"/>
  <testcase name="testValidateForm[4]" classname="ValidatorTest" time="0.0"/>
  <testcase name="testValidateForm[5]" classname="ValidatorTest" time="0.0"/>
  <testcase name="testValidateForm[6]" classname="ValidatorTest" time="0.0"/>
  <testcase name="testValidateForm[7]" classname="ValidatorTest" time="0.0"/>
  <testcase name="testValidateForm[8]" classname="ValidatorTest" time="0.0"/>
  <testcase name="testValidateForm[9]" classname="ValidatorTest" time="0.0"/>
  <testcase name="testValidateForm[10]" classname="ValidatorTest" time="0.0"/>
  <testcase name="testValidateForm[11]" classname="ValidatorTest" time="0.0"/>
  <testcase name="testValidateForm[12]" classname="ValidatorTest" time="0.0"/>
  <testcase name="testValidateForm[13]" classname="ValidatorTest" time="0.0"/>
  <testcase name="testValidateForm[14]" classname="ValidatorTest" time="0.0"/>
  <testcase name="testValidateForm[15]" classname="ValidatorTest" time="0.0"/>
  <testcase name="testValidateForm[16]" classname="ValidatorTest" time="0.0"/>
  <testcase name="testValidateForm[17]" classname="ValidatorTest" time="0.0"/>
  <testcase name="testValidateForm[18]" classname="ValidatorTest" time="0.0"/>
  <testcase name="testValidateForm[19]" classname="ValidatorTest" time="0.0"/>
  <testcase name="testValidateForm[20]" classname="ValidatorTest" time="0.0"/>
</testsuite>